  Source.c
C:\Users\1290743\Desktop\Системное программирование\Preprocessor_Directives\Preprocessor_Directives\Preprocessor_Directives\UserHeaderFile.h(34,23): warning C4013: malloc: нет определения; предполагается "extern" с возвратом типа "int"
C:\Users\1290743\Desktop\Системное программирование\Preprocessor_Directives\Preprocessor_Directives\Preprocessor_Directives\UserHeaderFile.h(34,30): warning C4013: strlen: нет определения; предполагается "extern" с возвратом типа "int"
C:\Users\1290743\Desktop\Системное программирование\Preprocessor_Directives\Preprocessor_Directives\Preprocessor_Directives\UserHeaderFile.h(34,1): warning C4047: инициализация: "char *" отличается по уровням косвенного обращения от "int"
C:\Users\1290743\Desktop\Системное программирование\Preprocessor_Directives\Preprocessor_Directives\Preprocessor_Directives\UserHeaderFile.h(54,10): warning C4013: atoi: нет определения; предполагается "extern" с возвратом типа "int"
C:\Users\1290743\Desktop\Системное программирование\Preprocessor_Directives\Preprocessor_Directives\Preprocessor_Directives\UserHeaderFile.h(72,5): warning C4067: непредвиденные лексемы за директивой препроцессора, требуется newline
C:\Users\1290743\Desktop\Системное программирование\Preprocessor_Directives\Preprocessor_Directives\Preprocessor_Directives\UserHeaderFile.h(74,22): warning C4244: =: преобразование "int" в "float", возможна потеря данных
C:\Users\1290743\Desktop\Системное программирование\Preprocessor_Directives\Preprocessor_Directives\Preprocessor_Directives\UserHeaderFile.h(75,37): warning C4020: sqrt: слишком много фактических параметров
C:\Users\1290743\Desktop\Системное программирование\Preprocessor_Directives\Preprocessor_Directives\Preprocessor_Directives\UserHeaderFile.h(75,48): warning C4244: =: преобразование "double" в "float", возможна потеря данных
C:\Users\1290743\Desktop\Системное программирование\Preprocessor_Directives\Preprocessor_Directives\Preprocessor_Directives\UserHeaderFile.h(61,1): warning C4244: инициализация: преобразование "double" в "int", возможна потеря данных
C:\Users\1290743\Desktop\Системное программирование\Preprocessor_Directives\Preprocessor_Directives\Preprocessor_Directives\UserHeaderFile.h(62,1): warning C4244: инициализация: преобразование "double" в "int", возможна потеря данных
C:\Users\1290743\Desktop\Системное программирование\Preprocessor_Directives\Preprocessor_Directives\Preprocessor_Directives\UserHeaderFile.h(63,1): warning C4244: инициализация: преобразование "double" в "int", возможна потеря данных
C:\Users\1290743\Desktop\Системное программирование\Preprocessor_Directives\Preprocessor_Directives\Preprocessor_Directives\Source.c(67,8): warning C4013: free: нет определения; предполагается "extern" с возвратом типа "int"
C:\Users\1290743\Desktop\Системное программирование\Preprocessor_Directives\Preprocessor_Directives\Preprocessor_Directives\Source.c(80,20): warning C4244: функция: преобразование "float" в "int", возможна потеря данных
C:\Users\1290743\Desktop\Системное программирование\Preprocessor_Directives\Preprocessor_Directives\Preprocessor_Directives\Source.c(80,24): warning C4244: функция: преобразование "float" в "int", возможна потеря данных
C:\Users\1290743\Desktop\Системное программирование\Preprocessor_Directives\Preprocessor_Directives\Preprocessor_Directives\Source.c(80,28): warning C4244: функция: преобразование "float" в "int", возможна потеря данных
C:\Users\1290743\Desktop\Системное программирование\Preprocessor_Directives\Preprocessor_Directives\Preprocessor_Directives\Source.c(80,32): warning C4244: функция: преобразование "float" в "int", возможна потеря данных
C:\Users\1290743\Desktop\Системное программирование\Preprocessor_Directives\Preprocessor_Directives\Preprocessor_Directives\Source.c(80,36): warning C4244: функция: преобразование "float" в "int", возможна потеря данных
C:\Users\1290743\Desktop\Системное программирование\Preprocessor_Directives\Preprocessor_Directives\Preprocessor_Directives\Source.c(80,40): warning C4244: функция: преобразование "float" в "int", возможна потеря данных
C:\Users\1290743\Desktop\Системное программирование\Preprocessor_Directives\Preprocessor_Directives\Preprocessor_Directives\Source.c(41,1): warning C4047: инициализация: "char" отличается по уровням косвенного обращения от "char [4]"
C:\Users\1290743\Desktop\Системное программирование\Preprocessor_Directives\Preprocessor_Directives\Preprocessor_Directives\UserHeaderFile.h(49): warning C4716: number_string: должна возвращать значение
C:\Users\1290743\Desktop\Системное программирование\Preprocessor_Directives\Preprocessor_Directives\Preprocessor_Directives\UserHeaderFile.h(84): warning C4715: checkTriangle: значение возвращается не при всех путях выполнения
C:\Users\1290743\Desktop\Системное программирование\Preprocessor_Directives\Preprocessor_Directives\Preprocessor_Directives\UserHeaderFile.h(56): warning C4716: string_number: должна возвращать значение
  Preprocessor_Directives.vcxproj -> C:\Users\1290743\Desktop\Системное программирование\Preprocessor_Directives\Preprocessor_Directives\Debug\Preprocessor_Directives.exe
